<?xml version="1.0" encoding="UTF-8"?>
<testsuite name="C:/Users/sanan/IdeaProjects/ATB6xRestAssured/src/test/java/thetestingacadmy/ex_22_july_2024/Crud"
           tests="2"
           failures="0"
           errors="0"
           skipped="0"
           time="5.894">
    <properties></properties>



            <testcase
                name="postRequestNonBDDStyleNegative"
                time="2.980"
                classname="Post.thetestingacadmy.ex_22_jun_2024.Crud.L272">
            </testcase>
            <testcase
                name="postRequestNonBDDStylePositive"
                time="2.914"
                classname="Post.thetestingacadmy.ex_22_jun_2024.Crud.L272">
            </testcase>
</testsuite>
