<?xml version="1.0" encoding="UTF-8"?>
<testsuite name="ATB6xRestAssured"
           tests="4"
           failures="0"
           errors="0"
           skipped="0"
           time="0.207">
    <properties></properties>



            <testcase
                name="getToken"
                time="0.004"
                classname="thetestingacadmy.ex_25_july_2024.L282">
            </testcase>
            <testcase
                name="a_testDeleteRequest"
                time="0.007"
                classname="thetestingacadmy.ex_25_july_2024.L282">
            </testcase>
            <testcase
                name="a_testPutRequest"
                time="0.017"
                classname="thetestingacadmy.ex_25_july_2024.L282">
            </testcase>
            <testcase
                name="getBookingId"
                time="0.179"
                classname="thetestingacadmy.ex_25_july_2024.L282">
            </testcase>
</testsuite>
