<?xml version="1.0" encoding="UTF-8"?>
<testsuite name="C:/Users/sanan/IdeaProjects/ATB6xRestAssured/src/test/java/thetestingacadmy/ex_22_july_2024/Crud"
           tests="2"
           failures="0"
           errors="0"
           skipped="0"
           time="6.459">
    <properties></properties>



            <testcase
                name="getRequestNegative"
                time="2.052"
                classname="Get.thetestingacadmy.ex_22_jun_2024.Crud.L270">
            </testcase>
            <testcase
                name="getRequestPositive"
                time="4.407"
                classname="Get.thetestingacadmy.ex_22_jun_2024.Crud.L270">
            </testcase>
</testsuite>
