<?xml version="1.0" encoding="UTF-8"?>
<testsuite name="C:/Users/sanan/IdeaProjects/ATB6xRestAssured/src/test/java/thetestingacadmy/TestNG/L261.java"
           tests="2"
           failures="0"
           errors="0"
           skipped="0"
           time="0.039">
    <properties></properties>



            <testcase
                name="getRequest1"
                time="0.031"
                classname="thetestingacadmy.TestNG.L262">
            </testcase>
            <testcase
                name="getRequest3"
                time="0.008"
                classname="thetestingacadmy.TestNG.L262">
            </testcase>
</testsuite>
